<?xml version="1.0" encoding="UTF-8"?>
<!-- Generated by org.testng.reporters.JUnitXMLReporter -->
<testsuite hostname="pc-194-62.customer.birmqhc.liberty.lan" name="Default test" tests="4" failures="0" timestamp="3 Mar 2014 22:58:48 GMT" time="0.034" errors="0">
  <testcase name="testContains" time="0.0060" classname="test.TestAgenda"/>
  <testcase name="testPop" time="0.0010" classname="test.TestAgenda"/>
  <testcase name="testPush" time="0.0010" classname="test.TestAgenda"/>
  <testcase name="testSort" time="0.0020" classname="test.TestAgenda"/>
</testsuite> <!-- Default test -->
