<?xml version="1.0" encoding="UTF-8"?>
<!-- Generated by org.testng.reporters.JUnitXMLReporter -->
<testsuite hostname="pc-194-62.customer.birmqhc.liberty.lan" name="Default test" tests="3" failures="0" timestamp="2 Mar 2014 16:37:08 GMT" time="0.03" errors="0">
  <testcase name="testBlock" time="0.0070" classname="test.TestGrid"/>
  <testcase name="testGoal" time="0.0" classname="test.TestGrid"/>
  <testcase name="testMove" time="0.0" classname="test.TestGrid"/>
</testsuite> <!-- Default test -->
