<?xml version="1.0" encoding="UTF-8"?>
<testng-results skipped="0" failed="0" total="3" passed="3">
  <reporter-output>
  </reporter-output>
  <suite name="Default suite" duration-ms="30" started-at="2014-03-02T16:37:08Z" finished-at="2014-03-02T16:37:08Z">
    <groups>
    </groups>
    <test name="Default test" duration-ms="30" started-at="2014-03-02T16:37:08Z" finished-at="2014-03-02T16:37:08Z">
      <class name="test.TestGrid">
        <test-method status="PASS" signature="f()[pri:0, instance:test.TestGrid@6a5f6303]" name="f" is-config="true" duration-ms="7" started-at="2014-03-02T16:37:08Z" finished-at="2014-03-02T16:37:08Z">
          <reporter-output>
          </reporter-output>
        </test-method> <!-- f -->
        <test-method status="PASS" signature="testBlock()[pri:0, instance:test.TestGrid@6a5f6303]" name="testBlock" duration-ms="7" started-at="2014-03-02T16:37:08Z" finished-at="2014-03-02T16:37:08Z">
          <reporter-output>
          </reporter-output>
        </test-method> <!-- testBlock -->
        <test-method status="PASS" signature="testGoal()[pri:0, instance:test.TestGrid@6a5f6303]" name="testGoal" duration-ms="0" started-at="2014-03-02T16:37:08Z" finished-at="2014-03-02T16:37:08Z">
          <reporter-output>
          </reporter-output>
        </test-method> <!-- testGoal -->
        <test-method status="PASS" signature="f()[pri:0, instance:test.TestGrid@6a5f6303]" name="f" is-config="true" duration-ms="0" started-at="2014-03-02T16:37:08Z" finished-at="2014-03-02T16:37:08Z">
          <reporter-output>
          </reporter-output>
        </test-method> <!-- f -->
        <test-method status="PASS" signature="f()[pri:0, instance:test.TestGrid@6a5f6303]" name="f" is-config="true" duration-ms="1" started-at="2014-03-02T16:37:08Z" finished-at="2014-03-02T16:37:08Z">
          <reporter-output>
          </reporter-output>
        </test-method> <!-- f -->
        <test-method status="PASS" signature="testMove()[pri:0, instance:test.TestGrid@6a5f6303]" name="testMove" duration-ms="0" started-at="2014-03-02T16:37:08Z" finished-at="2014-03-02T16:37:08Z">
          <reporter-output>
          </reporter-output>
        </test-method> <!-- testMove -->
      </class> <!-- test.TestGrid -->
    </test> <!-- Default test -->
  </suite> <!-- Default suite -->
</testng-results>
