<?xml version="1.0" encoding="UTF-8"?>
<testng-results skipped="0" failed="0" total="4" passed="4">
  <reporter-output>
  </reporter-output>
  <suite name="Default suite" duration-ms="34" started-at="2014-03-03T22:58:47Z" finished-at="2014-03-03T22:58:48Z">
    <groups>
    </groups>
    <test name="Default test" duration-ms="34" started-at="2014-03-03T22:58:47Z" finished-at="2014-03-03T22:58:48Z">
      <class name="test.TestAgenda">
        <test-method status="PASS" signature="beforeMethod()[pri:0, instance:test.TestAgenda@1c5d9084]" name="beforeMethod" is-config="true" duration-ms="8" started-at="2014-03-03T22:58:47Z" finished-at="2014-03-03T22:58:47Z">
          <reporter-output>
          </reporter-output>
        </test-method> <!-- beforeMethod -->
        <test-method status="PASS" signature="testContains()[pri:0, instance:test.TestAgenda@1c5d9084]" name="testContains" duration-ms="6" started-at="2014-03-03T22:58:47Z" finished-at="2014-03-03T22:58:47Z">
          <reporter-output>
          </reporter-output>
        </test-method> <!-- testContains -->
        <test-method status="PASS" signature="beforeMethod()[pri:0, instance:test.TestAgenda@1c5d9084]" name="beforeMethod" is-config="true" duration-ms="1" started-at="2014-03-03T22:58:47Z" finished-at="2014-03-03T22:58:47Z">
          <reporter-output>
          </reporter-output>
        </test-method> <!-- beforeMethod -->
        <test-method status="PASS" signature="testPop()[pri:0, instance:test.TestAgenda@1c5d9084]" name="testPop" duration-ms="1" started-at="2014-03-03T22:58:47Z" finished-at="2014-03-03T22:58:47Z">
          <reporter-output>
          </reporter-output>
        </test-method> <!-- testPop -->
        <test-method status="PASS" signature="testPush()[pri:0, instance:test.TestAgenda@1c5d9084]" name="testPush" duration-ms="1" started-at="2014-03-03T22:58:48Z" finished-at="2014-03-03T22:58:48Z">
          <reporter-output>
          </reporter-output>
        </test-method> <!-- testPush -->
        <test-method status="PASS" signature="beforeMethod()[pri:0, instance:test.TestAgenda@1c5d9084]" name="beforeMethod" is-config="true" duration-ms="0" started-at="2014-03-03T22:58:48Z" finished-at="2014-03-03T22:58:48Z">
          <reporter-output>
          </reporter-output>
        </test-method> <!-- beforeMethod -->
        <test-method status="PASS" signature="beforeMethod()[pri:0, instance:test.TestAgenda@1c5d9084]" name="beforeMethod" is-config="true" duration-ms="1" started-at="2014-03-03T22:58:48Z" finished-at="2014-03-03T22:58:48Z">
          <reporter-output>
          </reporter-output>
        </test-method> <!-- beforeMethod -->
        <test-method status="PASS" signature="testSort()[pri:0, instance:test.TestAgenda@1c5d9084]" name="testSort" duration-ms="2" started-at="2014-03-03T22:58:48Z" finished-at="2014-03-03T22:58:48Z">
          <reporter-output>
          </reporter-output>
        </test-method> <!-- testSort -->
      </class> <!-- test.TestAgenda -->
    </test> <!-- Default test -->
  </suite> <!-- Default suite -->
</testng-results>
